{
  "RSpec": {
    "coverage": {
      "/Users/Student/Documents/MakersAcademy/Projects/Weekend_challenges/bowling_challenge/bowling-challenge-ruby/spec/scorecard_spec.rb": {
        "lines": [
          1,
          null,
          1,
          1,
          1,
          3,
          null,
          null,
          1,
          1,
          null,
          null,
          1,
          1,
          null,
          null,
          1,
          1,
          null,
          null,
          null,
          null,
          null,
          null,
          null,
          1,
          4,
          null,
          1,
          1,
          1,
          null,
          null,
          1,
          1,
          1,
          null,
          null,
          1,
          1,
          1,
          1,
          null,
          null,
          null,
          null,
          null
        ]
      },
      "/Users/Student/Documents/MakersAcademy/Projects/Weekend_challenges/bowling_challenge/bowling-challenge-ruby/lib/scorecard.rb": {
        "lines": [
          1,
          1,
          null,
          1,
          6,
          6,
          6,
          6,
          null,
          null,
          1,
          null,
          3,
          3,
          3,
          6,
          6,
          null,
          null,
          3,
          3,
          null,
          null,
          null,
          null,
          null,
          null,
          null,
          null,
          null,
          null,
          null,
          null,
          null,
          null,
          null,
          null
        ]
      }
    },
    "timestamp": 1632567998
  }
}
