{
  "RSpec": {
    "coverage": {
      "/Users/Student/Documents/MakersAcademy/Projects/Weekend_challenges/bowling_challenge/bowling-challenge-ruby/spec/scorecard_spec.rb": {
        "lines": [
          1,
          null,
          1,
          1,
          1,
          4,
          null,
          null,
          1,
          1,
          null,
          null,
          1,
          1,
          null,
          null,
          1,
          1,
          null,
          null,
          1,
          1,
          null,
          null,
          null,
          1,
          5,
          null,
          1,
          1,
          1,
          null,
          null,
          1,
          1,
          1,
          null,
          null,
          1,
          1,
          1,
          1,
          null,
          null,
          1,
          1,
          1,
          1,
          1,
          null,
          null,
          null,
          null,
          null
        ]
      },
      "/Users/Student/Documents/MakersAcademy/Projects/Weekend_challenges/bowling_challenge/bowling-challenge-ruby/lib/scorecard.rb": {
        "lines": [
          1,
          1,
          null,
          1,
          8,
          8,
          8,
          8,
          null,
          null,
          1,
          null,
          4,
          4,
          4,
          8,
          8,
          8,
          8,
          null,
          4,
          4,
          null,
          null,
          null,
          null,
          null,
          null,
          null,
          null,
          null,
          null,
          null,
          null,
          null,
          null,
          null,
          null
        ]
      }
    },
    "timestamp": 1632569119
  }
}
